<?xml version="1.0" encoding="UTF-8"?>
<!-- Generated by org.testng.reporters.JUnitXMLReporter -->
<testsuite hostname="EG5CD9208G2L" ignored="0" name="Login Test cases" tests="3" failures="0" timestamp="2020-09-18T10:28:52 EET" time="38.148" errors="0">
  <testcase name="NewRegistration" time="6.535" classname="testCases.AllTestCases"/>
  <testcase name="successfulLogin" time="5.543" classname="testCases.AllTestCases"/>
  <testcase name="InvalidLogin" time="2.599" classname="testCases.AllTestCases"/>
</testsuite> <!-- Login Test cases -->
