<?xml version="1.0" encoding="UTF-8"?>
<!-- Generated by org.testng.reporters.JUnitXMLReporter -->
<testsuite hostname="EG5CD9208G2L" ignored="0" name="Douglas Regression Suite" tests="3" failures="0" timestamp="2020-09-18T10:28:14 EET" time="38.583" errors="0">
  <testcase name="NewRegistration" time="9.268" classname="testCases.RegistrationTest"/>
  <testcase name="successfulLogin" time="5.77" classname="testCases.ValidLoginTest"/>
  <testcase name="InvalidLogin" time="2.64" classname="testCases.InValidLoginTest"/>
</testsuite> <!-- Douglas Regression Suite -->
